<?xml version="1.0" encoding="UTF-8"?>
<testng-results skipped="0" failed="0" ignored="0" total="2" passed="2">
  <reporter-output>
  </reporter-output>
  <suite name="Default suite" duration-ms="31" started-at="2017-01-13T03:40:41Z" finished-at="2017-01-13T03:40:41Z">
    <groups>
    </groups>
    <test name="Default test" duration-ms="31" started-at="2017-01-13T03:40:41Z" finished-at="2017-01-13T03:40:41Z">
      <class name="com.moe.DemoMoe">
        <test-method status="PASS" signature="testLogin()[pri:0, instance:com.moe.DemoMoe@3bfdc050]" name="testLogin" duration-ms="0" started-at="2017-01-13T11:40:41Z" finished-at="2017-01-13T11:40:41Z">
          <reporter-output>
          </reporter-output>
        </test-method> <!-- testLogin -->
      </class> <!-- com.moe.DemoMoe -->
      <class name="com.moe.Logoutt">
        <test-method status="PASS" signature="pubic()[pri:0, instance:com.moe.Logoutt@5c3bd550]" name="pubic" duration-ms="0" started-at="2017-01-13T11:40:41Z" finished-at="2017-01-13T11:40:41Z">
          <reporter-output>
          </reporter-output>
        </test-method> <!-- pubic -->
      </class> <!-- com.moe.Logoutt -->
    </test> <!-- Default test -->
  </suite> <!-- Default suite -->
</testng-results>
